Threads: 1
Ar_Br_Cr: {'min': 1.2609884803333333, 'max': 1.282144884, 'med': 1.261839132}
Ar_Br_Cl: {'min': 1.275059885, 'max': 1.27892591475, 'med': 1.2758893616666667}
Ar_Bl_Cr: {'min': 0.7887964426666666, 'max': 0.7904542336666666, 'med': 0.789631444}
Ar_Bl_Cl: {'min': 0.7905554709999999, 'max': 0.792276228, 'med': 0.7911186213333333}
Al_Bl_Cr: {'min': 0.863975284, 'max': 0.8902617136666667, 'med': 0.8650792033333333}
Al_Bl_Cl: {'min': 0.8242834769999999, 'max': 0.8343904076666666, 'med': 0.8252397739999999}

Threads: 2
Ar_Br_Cr: {'min': 1.1634747676666668, 'max': 1.3279786345, 'med': 1.2149044443333332}
Ar_Br_Cl: {'min': 1.1602797426666667, 'max': 1.2689397763333334, 'med': 1.2112590606666667}
Ar_Bl_Cr: {'min': 0.4021002546666667, 'max': 0.587426793, 'med': 0.42291803333333333}
Ar_Bl_Cl: {'min': 0.40671962, 'max': 0.45375756433333336, 'med': 0.41671744966666663}
Al_Bl_Cr: {'min': 0.6697398376666667, 'max': 0.7191044753333333, 'med': 0.6768983003333333}
Al_Bl_Cl: {'min': 0.6969528906666667, 'max': 0.7223724699999999, 'med': 0.704145487}

Threads: 3
Ar_Br_Cr: {'min': 1.13976257075, 'max': 1.2410312363333333, 'med': 1.166749794}
Ar_Br_Cl: {'min': 1.1439506006666667, 'max': 1.2315960753333333, 'med': 1.1923451903333333}
Ar_Bl_Cr: {'min': 0.4132707156666667, 'max': 0.48141874, 'med': 0.431320568}
Ar_Bl_Cl: {'min': 0.43136691666666666, 'max': 0.49934713300000005, 'med': 0.4595558375}
Al_Bl_Cr: {'min': 0.797313659, 'max': 0.8610437076666666, 'med': 0.81171808}
Al_Bl_Cl: {'min': 0.8147206936666667, 'max': 0.8775522589999999, 'med': 0.8263055696666667}

Threads: 4
Ar_Br_Cr: {'min': 1.094023369, 'max': 1.1980057743333334, 'med': 1.1312284993333332}
Ar_Br_Cl: {'min': 1.0954123916666667, 'max': 1.3181222223333333, 'med': 1.200056269}
Ar_Bl_Cr: {'min': 0.41293560900000004, 'max': 0.5148342023333333, 'med': 0.42930596275}
Ar_Bl_Cl: {'min': 0.41191265066666666, 'max': 0.44559349233333334, 'med': 0.42985220733333335}
Al_Bl_Cr: {'min': 0.7703038166666666, 'max': 0.8291832276666667, 'med': 0.78182574525}
Al_Bl_Cl: {'min': 0.788479347, 'max': 0.8740539556666667, 'med': 0.8019935533333333}

Threads: 5
Ar_Br_Cr: {'min': 1.0934322456666667, 'max': 1.258661942, 'med': 1.1843287053333333}
Ar_Br_Cl: {'min': 1.0927995246666666, 'max': 1.0969943606666666, 'med': 1.0956696556666665}
Ar_Bl_Cr: {'min': 0.41032792366666665, 'max': 0.4691528993333333, 'med': 0.41582566325}
Ar_Bl_Cl: {'min': 0.4137190126666667, 'max': 0.5133511953333333, 'med': 0.49011494966666663}
Al_Bl_Cr: {'min': 0.79661723175, 'max': 0.880546942, 'med': 0.8322811876666667}
Al_Bl_Cl: {'min': 0.8131564366666666, 'max': 0.9010119259999999, 'med': 0.850006299}

Threads: 6
Ar_Br_Cr: {'min': 1.1155945403333334, 'max': 1.2171512903333335, 'med': 1.170327758}
Ar_Br_Cl: {'min': 1.0995324553333334, 'max': 1.2468502786666666, 'med': 1.1079406056666665}
Ar_Bl_Cr: {'min': 0.40868434566666667, 'max': 0.413896114, 'med': 0.40997572899999996}
Ar_Bl_Cl: {'min': 0.409605273, 'max': 0.416857915, 'med': 0.4124809603333333}
Al_Bl_Cr: {'min': 0.7974478746666667, 'max': 0.8063847203333333, 'med': 0.801858599}
Al_Bl_Cl: {'min': 0.8193618926666667, 'max': 0.836454156, 'med': 0.8287138763333334}

